[Fri Jun  6 19:08:39 2014] install: bbding
[Fri Jun  6 19:08:40 2014] install: cabin
[Fri Jun  6 19:08:40 2014] install: changepage
[Fri Jun  6 19:08:41 2014] install: cmap
[Fri Jun  6 19:08:41 2014] install: ec
[Fri Jun  6 19:08:41 2014] install: etoolbox
[Fri Jun  6 19:08:41 2014] install: fancybox
[Fri Jun  6 19:08:42 2014] install: fancyvrb
[Fri Jun  6 19:08:42 2014] install: fontaxes
[Fri Jun  6 19:08:42 2014] install: framed
[Fri Jun  6 19:08:42 2014] install: helvetic
[Fri Jun  6 19:08:43 2014] install: inconsolata
[Fri Jun  6 19:08:43 2014] install: l3kernel
[Fri Jun  6 19:08:43 2014] install: l3packages
[Fri Jun  6 19:08:43 2014] install: mdframed
[Fri Jun  6 19:08:44 2014] install: mdwtools
[Fri Jun  6 19:08:44 2014] install: microtype
[Fri Jun  6 19:08:44 2014] install: ms
[Fri Jun  6 19:08:44 2014] install: multirow
[Fri Jun  6 19:08:44 2014] install: mweights
[Fri Jun  6 19:08:44 2014] install: needspace
[Fri Jun  6 19:08:44 2014] install: parskip
[Fri Jun  6 19:08:45 2014] install: pgf
[Fri Jun  6 19:08:45 2014] install: threeparttable
[Fri Jun  6 19:08:45 2014] install: times
[Fri Jun  6 19:08:45 2014] install: titlesec
[Fri Jun  6 19:08:46 2014] install: upquote
[Fri Jun  6 19:08:46 2014] install: wrapfig
[Fri Jun  6 19:08:46 2014] install: xcolor
[Fri Jun  6 19:08:46 2014] install: xkeyval
